<?xml version="1.0" encoding="UTF-8"?>
<testng-results ignored="0" total="1" passed="1" failed="0" skipped="0">
  <reporter-output>
  </reporter-output>
  <suite started-at="2025-05-08T16:01:15 IST" name="testCases.TC001_AccountRegistrationTest" finished-at="2025-05-08T16:01:35 IST" duration-ms="20221">
    <groups>
    </groups>
    <test started-at="2025-05-08T16:01:15 IST" name="Command line test" finished-at="2025-05-08T16:01:35 IST" duration-ms="20221">
      <class name="testCases.TC001_AccountRegistrationTest">
        <test-method is-config="true" signature="setup()[pri:0, instance:testCases.TC001_AccountRegistrationTest@2e377400]" started-at="2025-05-08T16:01:15 IST" name="setup" finished-at="2025-05-08T16:01:27 IST" duration-ms="12405" status="PASS">
          <reporter-output>
          </reporter-output>
        </test-method> <!-- setup -->
        <test-method signature="verifyAccountRegistration()[pri:0, instance:testCases.TC001_AccountRegistrationTest@2e377400]" started-at="2025-05-08T16:01:27 IST" name="verifyAccountRegistration" finished-at="2025-05-08T16:01:33 IST" duration-ms="5526" status="PASS">
          <reporter-output>
          </reporter-output>
        </test-method> <!-- verifyAccountRegistration -->
        <test-method is-config="true" signature="tearDown()[pri:0, instance:testCases.TC001_AccountRegistrationTest@2e377400]" started-at="2025-05-08T16:01:33 IST" name="tearDown" finished-at="2025-05-08T16:01:35 IST" duration-ms="2231" status="PASS">
          <reporter-output>
          </reporter-output>
        </test-method> <!-- tearDown -->
      </class> <!-- testCases.TC001_AccountRegistrationTest -->
    </test> <!-- Command line test -->
  </suite> <!-- testCases.TC001_AccountRegistrationTest -->
</testng-results>
